Build started 08.08.2015 10:23:18 PM.
Project "C:\Users\Administrator\Documents\3Ddraughts\3Ddraughts.vcxproj" on node 2 (Build target(s)).
ClCompile:
  C:\Program Files\Microsoft Visual Studio 12.0\VC\bin\CL.exe /c /IC:\Users\Administrator\Documents\3Ddraughts\\extlibs\include /ZI /nologo /W3 /WX- /sdl /Od /Oy- /D _USE_MATH_DEFINES /D WIN32 /D _DEBUG /D _CONSOLE /D _LIB /D _UNICODE /D UNICODE /Gm /EHsc /RTC1 /MDd /GS /fp:precise /Zc:wchar_t /Zc:forScope /Fo"Debug\\" /Fd"Debug\vc120.pdb" /Gd /TP /analyze- /errorReport:prompt src\3Ddraughts.cpp
  3Ddraughts.cpp
c:\users\administrator\documents\3ddraughts\include\chequeredboard.hpp(25): warning C4805: '==' : unsafe mix of type 'int' and type 'bool' in operation
c:\users\administrator\documents\3ddraughts\include\vector3d.hpp(96): warning C4244: '=' : conversion from 'double' to 'float', possible loss of data
          c:\users\administrator\documents\3ddraughts\include\vector3d.hpp(89) : while compiling class template member function 'Vector3d<float> Vector3d<float>::rotateAroundAxis(Vector3d<float>,float)'
          c:\users\administrator\documents\3ddraughts\include\object3d.hpp(58) : see reference to function template instantiation 'Vector3d<float> Vector3d<float>::rotateAroundAxis(Vector3d<float>,float)' being compiled
          c:\users\administrator\documents\3ddraughts\include\object3d.hpp(10) : see reference to class template instantiation 'Vector3d<float>' being compiled
Link:
  C:\Program Files\Microsoft Visual Studio 12.0\VC\bin\link.exe /ERRORREPORT:PROMPT /OUT:"C:\Users\Administrator\Documents\3Ddraughts\Debug\3Ddraughts.exe" /INCREMENTAL /NOLOGO /LIBPATH:C:\Users\Administrator\Documents\3Ddraughts\\extlibs\lib kernel32.lib user32.lib gdi32.lib winspool.lib comdlg32.lib advapi32.lib shell32.lib ole32.lib oleaut32.lib uuid.lib odbc32.lib odbccp32.lib /MANIFEST /MANIFESTUAC:"level='asInvoker' uiAccess='false'" /manifest:embed /DEBUG /PDB:"C:\Users\Administrator\Documents\3Ddraughts\Debug\3Ddraughts.pdb" /SUBSYSTEM:CONSOLE /TLBID:1 /DYNAMICBASE /NXCOMPAT /IMPLIB:"C:\Users\Administrator\Documents\3Ddraughts\Debug\3Ddraughts.lib" /MACHINE:X86 Debug\3Ddraughts.obj
  3Ddraughts.vcxproj -> C:\Users\Administrator\Documents\3Ddraughts\Debug\3Ddraughts.exe
PostBuildEvent:
  xcopy /E /Y "C:\Users\Administrator\Documents\3Ddraughts\extlibs\bin\Debug" "C:\Users\Administrator\Documents\3Ddraughts\Debug"
  xcopy /E /Y /I "C:\Users\Administrator\Documents\3Ddraughts\resource" "C:\Users\Administrator\Documents\3Ddraughts\Debug\resource\"
  :VCEnd
  C:\Users\Administrator\Documents\3Ddraughts\extlibs\bin\Debug\openal32.dll
  C:\Users\Administrator\Documents\3Ddraughts\extlibs\bin\Debug\sfml-audio-d-2.dll
  C:\Users\Administrator\Documents\3Ddraughts\extlibs\bin\Debug\sfml-graphics-d-2.dll
  C:\Users\Administrator\Documents\3Ddraughts\extlibs\bin\Debug\sfml-network-d-2.dll
  C:\Users\Administrator\Documents\3Ddraughts\extlibs\bin\Debug\sfml-system-d-2.dll
  C:\Users\Administrator\Documents\3Ddraughts\extlibs\bin\Debug\sfml-window-d-2.dll
  6 File(s) copied
  C:\Users\Administrator\Documents\3Ddraughts\resource\images\rosewood.jpg
  C:\Users\Administrator\Documents\3Ddraughts\resource\images\woodash.jpg
  2 File(s) copied
Done Building Project "C:\Users\Administrator\Documents\3Ddraughts\3Ddraughts.vcxproj" (Build target(s)).

Build succeeded.

Time Elapsed 00:00:03.14
